<?xml version="1.0" encoding="UTF-8"?>
<coverage generated="1638370969889" clover="3.2.0">
  <project timestamp="1638370969890" name="All files">
    <metrics statements="14" coveredstatements="8" conditionals="4" coveredconditionals="0" methods="4" coveredmethods="2" elements="22" coveredelements="10" complexity="0" loc="14" ncloc="14" packages="2" files="3" classes="3"/>
    <package name="assets">
      <metrics statements="1" coveredstatements="1" conditionals="0" coveredconditionals="0" methods="0" coveredmethods="0"/>
      <file name="Logo-Thin.png" path="/Users/nuriaciscar/Downloads/skylab/collector/frontend/src/assets/Logo-Thin.png">
        <metrics statements="1" coveredstatements="1" conditionals="0" coveredconditionals="0" methods="0" coveredmethods="0"/>
        <line num="1" count="1" type="stmt"/>
      </file>
    </package>
    <package name="components">
      <metrics statements="13" coveredstatements="7" conditionals="4" coveredconditionals="0" methods="4" coveredmethods="2"/>
      <file name="Footer.vue" path="/Users/nuriaciscar/Downloads/skylab/collector/frontend/src/components/Footer.vue">
        <metrics statements="3" coveredstatements="3" conditionals="0" coveredconditionals="0" methods="1" coveredmethods="1"/>
        <line num="14" count="1" type="stmt"/>
        <line num="16" count="1" type="stmt"/>
        <line num="18" count="1" type="stmt"/>
      </file>
      <file name="Login.vue" path="/Users/nuriaciscar/Downloads/skylab/collector/frontend/src/components/Login.vue">
        <metrics statements="10" coveredstatements="4" conditionals="4" coveredconditionals="0" methods="3" coveredmethods="1"/>
        <line num="74" count="1" type="stmt"/>
        <line num="75" count="1" type="stmt"/>
        <line num="78" count="1" type="stmt"/>
        <line num="82" count="2" type="stmt"/>
        <line num="95" count="0" type="cond" truecount="0" falsecount="4"/>
        <line num="96" count="0" type="stmt"/>
        <line num="101" count="0" type="stmt"/>
        <line num="102" count="0" type="stmt"/>
        <line num="104" count="0" type="stmt"/>
        <line num="110" count="0" type="stmt"/>
      </file>
    </package>
  </project>
</coverage>
