<?xml version="1.0" encoding="UTF-8"?>
<coverage generated="1638438103866" clover="3.2.0">
  <project timestamp="1638438103866" name="All files">
    <metrics statements="27" coveredstatements="16" conditionals="6" coveredconditionals="0" methods="5" coveredmethods="2" elements="38" coveredelements="18" complexity="0" loc="27" ncloc="27" packages="2" files="7" classes="7"/>
    <package name="assets">
      <metrics statements="4" coveredstatements="4" conditionals="0" coveredconditionals="0" methods="0" coveredmethods="0"/>
      <file name="Logo-Thin.png" path="/Users/nuriaciscar/Downloads/skylab/collector/frontend/src/assets/Logo-Thin.png">
        <metrics statements="1" coveredstatements="1" conditionals="0" coveredconditionals="0" methods="0" coveredmethods="0"/>
        <line num="1" count="1" type="stmt"/>
      </file>
      <file name="home.png" path="/Users/nuriaciscar/Downloads/skylab/collector/frontend/src/assets/home.png">
        <metrics statements="1" coveredstatements="1" conditionals="0" coveredconditionals="0" methods="0" coveredmethods="0"/>
        <line num="1" count="1" type="stmt"/>
      </file>
      <file name="lupa.png" path="/Users/nuriaciscar/Downloads/skylab/collector/frontend/src/assets/lupa.png">
        <metrics statements="1" coveredstatements="1" conditionals="0" coveredconditionals="0" methods="0" coveredmethods="0"/>
        <line num="1" count="1" type="stmt"/>
      </file>
      <file name="popular2.png" path="/Users/nuriaciscar/Downloads/skylab/collector/frontend/src/assets/popular2.png">
        <metrics statements="1" coveredstatements="1" conditionals="0" coveredconditionals="0" methods="0" coveredmethods="0"/>
        <line num="1" count="1" type="stmt"/>
      </file>
    </package>
    <package name="components">
      <metrics statements="23" coveredstatements="12" conditionals="6" coveredconditionals="0" methods="5" coveredmethods="2"/>
      <file name="Header.vue" path="/Users/nuriaciscar/Downloads/skylab/collector/frontend/src/components/Header.vue">
        <metrics statements="2" coveredstatements="2" conditionals="0" coveredconditionals="0" methods="0" coveredmethods="0"/>
        <line num="20" count="1" type="stmt"/>
        <line num="22" count="1" type="stmt"/>
      </file>
      <file name="Image.vue" path="/Users/nuriaciscar/Downloads/skylab/collector/frontend/src/components/Image.vue">
        <metrics statements="7" coveredstatements="6" conditionals="0" coveredconditionals="0" methods="1" coveredmethods="1"/>
        <line num="8" count="1" type="stmt"/>
        <line num="9" count="1" type="stmt"/>
        <line num="10" count="1" type="stmt"/>
        <line num="12" count="1" type="stmt"/>
        <line num="27" count="1" type="stmt"/>
        <line num="28" count="1" type="stmt"/>
        <line num="29" count="0" type="stmt"/>
      </file>
      <file name="Login.vue" path="/Users/nuriaciscar/Downloads/skylab/collector/frontend/src/components/Login.vue">
        <metrics statements="14" coveredstatements="4" conditionals="6" coveredconditionals="0" methods="4" coveredmethods="1"/>
        <line num="73" count="1" type="stmt"/>
        <line num="74" count="1" type="stmt"/>
        <line num="77" count="1" type="stmt"/>
        <line num="80" count="2" type="stmt"/>
        <line num="95" count="0" type="cond" truecount="0" falsecount="4"/>
        <line num="96" count="0" type="stmt"/>
        <line num="101" count="0" type="stmt"/>
        <line num="102" count="0" type="stmt"/>
        <line num="103" count="0" type="stmt"/>
        <line num="104" count="0" type="stmt"/>
        <line num="107" count="0" type="stmt"/>
        <line num="111" count="0" type="cond" truecount="0" falsecount="2"/>
        <line num="112" count="0" type="stmt"/>
        <line num="117" count="0" type="stmt"/>
      </file>
    </package>
  </project>
</coverage>
