{"/Users/nuriaciscar/Downloads/skylab/collector/frontend/src/assets/Logo-Thin.png": {"path":"/Users/nuriaciscar/Downloads/skylab/collector/frontend/src/assets/Logo-Thin.png","statementMap":{"0":{"start":{"line":1,"column":0},"end":{"line":1,"column":19}}},"fnMap":{},"branchMap":{},"s":{"0":1},"f":{},"b":{},"_coverageSchema":"43e27e138ebf9cfc5966b082cf9a028302ed4184","hash":"16627bf7a963aa250d16160883caccb6e4da9fc8"}
,"/Users/nuriaciscar/Downloads/skylab/collector/frontend/src/assets/home.png": {"path":"/Users/nuriaciscar/Downloads/skylab/collector/frontend/src/assets/home.png","statementMap":{"0":{"start":{"line":1,"column":0},"end":{"line":1,"column":19}}},"fnMap":{},"branchMap":{},"s":{"0":1},"f":{},"b":{},"_coverageSchema":"43e27e138ebf9cfc5966b082cf9a028302ed4184","hash":"90a36327b4ccc4c022a4de5f22250d4b7544a4c7"}
,"/Users/nuriaciscar/Downloads/skylab/collector/frontend/src/assets/lupa.png": {"path":"/Users/nuriaciscar/Downloads/skylab/collector/frontend/src/assets/lupa.png","statementMap":{"0":{"start":{"line":1,"column":0},"end":{"line":1,"column":19}}},"fnMap":{},"branchMap":{},"s":{"0":1},"f":{},"b":{},"_coverageSchema":"43e27e138ebf9cfc5966b082cf9a028302ed4184","hash":"6c00543713532a3c3cc7d524d3fb455fc514d18a"}
,"/Users/nuriaciscar/Downloads/skylab/collector/frontend/src/assets/popular2.png": {"path":"/Users/nuriaciscar/Downloads/skylab/collector/frontend/src/assets/popular2.png","statementMap":{"0":{"start":{"line":1,"column":0},"end":{"line":1,"column":19}}},"fnMap":{},"branchMap":{},"s":{"0":1},"f":{},"b":{},"_coverageSchema":"43e27e138ebf9cfc5966b082cf9a028302ed4184","hash":"975349ebb08c1a2384120a6ab1da2d85cf6576b0"}
,"/Users/nuriaciscar/Downloads/skylab/collector/frontend/src/components/Header.vue": {"path":"/Users/nuriaciscar/Downloads/skylab/collector/frontend/src/components/Header.vue","statementMap":{"0":{"start":{"line":20,"column":0},"end":{"line":20,"column":null}},"1":{"start":{"line":22,"column":15},"end":{"line":22,"column":31}}},"fnMap":{},"branchMap":{},"s":{"0":1,"1":1},"f":{},"b":{}}
,"/Users/nuriaciscar/Downloads/skylab/collector/frontend/src/components/Image.vue": {"path":"/Users/nuriaciscar/Downloads/skylab/collector/frontend/src/components/Image.vue","statementMap":{"0":{"start":{"line":8,"column":0},"end":{"line":8,"column":null}},"1":{"start":{"line":9,"column":0},"end":{"line":9,"column":null}},"2":{"start":{"line":10,"column":0},"end":{"line":10,"column":null}},"3":{"start":{"line":12,"column":15},"end":{"line":12,"column":31}},"4":{"start":{"line":27,"column":18},"end":{"line":27,"column":null}},"5":{"start":{"line":28,"column":19},"end":{"line":28,"column":11}},"6":{"start":{"line":29,"column":4},"end":{"line":29,"column":9}}},"fnMap":{"0":{"name":"(anonymous_0)","decl":{"start":{"line":26,"column":9},"end":{"line":26,"column":null}},"loc":{"start":{"line":26,"column":9},"end":{"line":30,"column":null}}}},"branchMap":{},"s":{"0":1,"1":1,"2":1,"3":1,"4":1,"5":1,"6":0},"f":{"0":1},"b":{}}
,"/Users/nuriaciscar/Downloads/skylab/collector/frontend/src/components/Login.vue": {"path":"/Users/nuriaciscar/Downloads/skylab/collector/frontend/src/components/Login.vue","statementMap":{"0":{"start":{"line":73,"column":0},"end":{"line":73,"column":null}},"1":{"start":{"line":74,"column":0},"end":{"line":74,"column":null}},"2":{"start":{"line":77,"column":15},"end":{"line":77,"column":31}},"3":{"start":{"line":80,"column":4},"end":{"line":80,"column":11}},"4":{"start":{"line":95,"column":12},"end":{"line":95,"column":17}},"5":{"start":{"line":96,"column":16},"end":{"line":96,"column":20}},"6":{"start":{"line":101,"column":10},"end":{"line":101,"column":16}},"7":{"start":{"line":102,"column":10},"end":{"line":102,"column":15}},"8":{"start":{"line":103,"column":10},"end":{"line":103,"column":15}},"9":{"start":{"line":104,"column":10},"end":{"line":104,"column":15}},"10":{"start":{"line":107,"column":8},"end":{"line":107,"column":13}},"11":{"start":{"line":111,"column":6},"end":{"line":113,"column":null}},"12":{"start":{"line":112,"column":8},"end":{"line":112,"column":13}},"13":{"start":{"line":117,"column":6},"end":{"line":117,"column":11}}},"fnMap":{"0":{"name":"(anonymous_0)","decl":{"start":{"line":79,"column":6},"end":{"line":79,"column":null}},"loc":{"start":{"line":79,"column":6},"end":{"line":87,"column":null}}},"1":{"name":"(anonymous_1)","decl":{"start":{"line":93,"column":4},"end":{"line":93,"column":10}},"loc":{"start":{"line":93,"column":4},"end":{"line":109,"column":null}}},"2":{"name":"(anonymous_4)","decl":{"start":{"line":110,"column":10},"end":{"line":110,"column":null}},"loc":{"start":{"line":110,"column":10},"end":{"line":114,"column":null}}},"3":{"name":"(anonymous_5)","decl":{"start":{"line":116,"column":15},"end":{"line":116,"column":null}},"loc":{"start":{"line":116,"column":15},"end":{"line":118,"column":null}}}},"branchMap":{"0":{"loc":{"start":{"line":95,"column":12},"end":{"line":95,"column":17}},"type":"if","locations":[{"start":{"line":95,"column":12},"end":{"line":95,"column":17}},{"start":{"line":95,"column":12},"end":{"line":95,"column":17}}]},"1":{"loc":{"start":{"line":95,"column":12},"end":{"line":95,"column":36}},"type":"binary-expr","locations":[{"start":{"line":95,"column":12},"end":{"line":95,"column":36}},{"start":{"line":95,"column":36},"end":{"line":95,"column":null}}]},"2":{"loc":{"start":{"line":111,"column":6},"end":{"line":113,"column":null}},"type":"if","locations":[{"start":{"line":111,"column":6},"end":{"line":113,"column":null}},{"start":{"line":111,"column":6},"end":{"line":113,"column":null}}]}},"s":{"0":1,"1":1,"2":1,"3":2,"4":0,"5":0,"6":0,"7":0,"8":0,"9":0,"10":0,"11":0,"12":0,"13":0},"f":{"0":2,"1":0,"2":0,"3":0},"b":{"0":[0,0],"1":[0,0],"2":[0,0]}}
}
