{"/Users/nuriaciscar/Downloads/skylab/collector/frontend/src/assets/Logo-Thin.png": {"path":"/Users/nuriaciscar/Downloads/skylab/collector/frontend/src/assets/Logo-Thin.png","statementMap":{"0":{"start":{"line":1,"column":0},"end":{"line":1,"column":19}}},"fnMap":{},"branchMap":{},"s":{"0":1},"f":{},"b":{},"_coverageSchema":"43e27e138ebf9cfc5966b082cf9a028302ed4184","hash":"16627bf7a963aa250d16160883caccb6e4da9fc8"}
,"/Users/nuriaciscar/Downloads/skylab/collector/frontend/src/assets/home.png": {"path":"/Users/nuriaciscar/Downloads/skylab/collector/frontend/src/assets/home.png","statementMap":{"0":{"start":{"line":1,"column":0},"end":{"line":1,"column":19}}},"fnMap":{},"branchMap":{},"s":{"0":1},"f":{},"b":{},"_coverageSchema":"43e27e138ebf9cfc5966b082cf9a028302ed4184","hash":"90a36327b4ccc4c022a4de5f22250d4b7544a4c7"}
,"/Users/nuriaciscar/Downloads/skylab/collector/frontend/src/assets/lupa.png": {"path":"/Users/nuriaciscar/Downloads/skylab/collector/frontend/src/assets/lupa.png","statementMap":{"0":{"start":{"line":1,"column":0},"end":{"line":1,"column":19}}},"fnMap":{},"branchMap":{},"s":{"0":1},"f":{},"b":{},"_coverageSchema":"43e27e138ebf9cfc5966b082cf9a028302ed4184","hash":"6c00543713532a3c3cc7d524d3fb455fc514d18a"}
,"/Users/nuriaciscar/Downloads/skylab/collector/frontend/src/assets/popular2.png": {"path":"/Users/nuriaciscar/Downloads/skylab/collector/frontend/src/assets/popular2.png","statementMap":{"0":{"start":{"line":1,"column":0},"end":{"line":1,"column":19}}},"fnMap":{},"branchMap":{},"s":{"0":1},"f":{},"b":{},"_coverageSchema":"43e27e138ebf9cfc5966b082cf9a028302ed4184","hash":"975349ebb08c1a2384120a6ab1da2d85cf6576b0"}
,"/Users/nuriaciscar/Downloads/skylab/collector/frontend/src/components/Footer.vue": {"path":"/Users/nuriaciscar/Downloads/skylab/collector/frontend/src/components/Footer.vue","statementMap":{"0":{"start":{"line":14,"column":0},"end":{"line":14,"column":null}},"1":{"start":{"line":16,"column":15},"end":{"line":16,"column":31}},"2":{"start":{"line":18,"column":14},"end":{"line":18,"column":18}}},"fnMap":{"0":{"name":"(anonymous_0)","decl":{"start":{"line":18,"column":8},"end":{"line":18,"column":14}},"loc":{"start":{"line":18,"column":8},"end":{"line":18,"column":null}}}},"branchMap":{},"s":{"0":1,"1":1,"2":1},"f":{"0":1},"b":{}}
,"/Users/nuriaciscar/Downloads/skylab/collector/frontend/src/components/Header.vue": {"path":"/Users/nuriaciscar/Downloads/skylab/collector/frontend/src/components/Header.vue","statementMap":{"0":{"start":{"line":18,"column":0},"end":{"line":18,"column":null}},"1":{"start":{"line":20,"column":15},"end":{"line":20,"column":31}}},"fnMap":{},"branchMap":{},"s":{"0":1,"1":1},"f":{},"b":{}}
,"/Users/nuriaciscar/Downloads/skylab/collector/frontend/src/components/Login.vue": {"path":"/Users/nuriaciscar/Downloads/skylab/collector/frontend/src/components/Login.vue","statementMap":{"0":{"start":{"line":74,"column":0},"end":{"line":74,"column":null}},"1":{"start":{"line":75,"column":0},"end":{"line":75,"column":null}},"2":{"start":{"line":78,"column":15},"end":{"line":78,"column":31}},"3":{"start":{"line":82,"column":4},"end":{"line":82,"column":11}},"4":{"start":{"line":95,"column":10},"end":{"line":95,"column":15}},"5":{"start":{"line":96,"column":14},"end":{"line":96,"column":18}},"6":{"start":{"line":101,"column":10},"end":{"line":101,"column":16}},"7":{"start":{"line":102,"column":10},"end":{"line":102,"column":15}},"8":{"start":{"line":104,"column":10},"end":{"line":104,"column":15}},"9":{"start":{"line":110,"column":6},"end":{"line":110,"column":11}}},"fnMap":{"0":{"name":"(anonymous_0)","decl":{"start":{"line":81,"column":6},"end":{"line":81,"column":null}},"loc":{"start":{"line":81,"column":6},"end":{"line":89,"column":null}}},"1":{"name":"(anonymous_1)","decl":{"start":{"line":94,"column":4},"end":{"line":94,"column":10}},"loc":{"start":{"line":94,"column":4},"end":{"line":107,"column":null}}},"2":{"name":"(anonymous_4)","decl":{"start":{"line":109,"column":15},"end":{"line":109,"column":null}},"loc":{"start":{"line":109,"column":15},"end":{"line":111,"column":null}}}},"branchMap":{"0":{"loc":{"start":{"line":95,"column":10},"end":{"line":95,"column":15}},"type":"if","locations":[{"start":{"line":95,"column":10},"end":{"line":95,"column":15}},{"start":{"line":95,"column":10},"end":{"line":95,"column":15}}]},"1":{"loc":{"start":{"line":95,"column":10},"end":{"line":95,"column":34}},"type":"binary-expr","locations":[{"start":{"line":95,"column":10},"end":{"line":95,"column":34}},{"start":{"line":95,"column":34},"end":{"line":95,"column":null}}]}},"s":{"0":1,"1":1,"2":1,"3":2,"4":0,"5":0,"6":0,"7":0,"8":0,"9":0},"f":{"0":2,"1":0,"2":0},"b":{"0":[0,0],"1":[0,0]}}
}
