TN:
SF:/Users/nuriaciscar/Downloads/skylab/collector/frontend/src/assets/Logo-Thin.png
FNF:0
FNH:0
DA:1,1
LF:1
LH:1
BRF:0
BRH:0
end_of_record
TN:
SF:/Users/nuriaciscar/Downloads/skylab/collector/frontend/src/assets/home.png
FNF:0
FNH:0
DA:1,1
LF:1
LH:1
BRF:0
BRH:0
end_of_record
TN:
SF:/Users/nuriaciscar/Downloads/skylab/collector/frontend/src/assets/lupa.png
FNF:0
FNH:0
DA:1,1
LF:1
LH:1
BRF:0
BRH:0
end_of_record
TN:
SF:/Users/nuriaciscar/Downloads/skylab/collector/frontend/src/assets/popular2.png
FNF:0
FNH:0
DA:1,1
LF:1
LH:1
BRF:0
BRH:0
end_of_record
TN:
SF:/Users/nuriaciscar/Downloads/skylab/collector/frontend/src/components/Header.vue
FNF:0
FNH:0
DA:20,1
DA:22,1
LF:2
LH:2
BRF:0
BRH:0
end_of_record
TN:
SF:/Users/nuriaciscar/Downloads/skylab/collector/frontend/src/components/Image.vue
FN:26,(anonymous_0)
FNF:1
FNH:1
FNDA:1,(anonymous_0)
DA:8,1
DA:9,1
DA:10,1
DA:12,1
DA:27,1
DA:28,1
DA:29,0
LF:7
LH:6
BRF:0
BRH:0
end_of_record
TN:
SF:/Users/nuriaciscar/Downloads/skylab/collector/frontend/src/components/Login.vue
FN:79,(anonymous_0)
FN:93,(anonymous_1)
FN:110,(anonymous_4)
FN:116,(anonymous_5)
FNF:4
FNH:1
FNDA:2,(anonymous_0)
FNDA:0,(anonymous_1)
FNDA:0,(anonymous_4)
FNDA:0,(anonymous_5)
DA:73,1
DA:74,1
DA:77,1
DA:80,2
DA:95,0
DA:96,0
DA:101,0
DA:102,0
DA:103,0
DA:104,0
DA:107,0
DA:111,0
DA:112,0
DA:117,0
LF:14
LH:4
BRDA:95,0,0,0
BRDA:95,0,1,0
BRDA:95,1,0,0
BRDA:95,1,1,0
BRDA:111,2,0,0
BRDA:111,2,1,0
BRF:6
BRH:0
end_of_record
