TN:
SF:/Users/nuriaciscar/Downloads/skylab/collector/frontend/src/assets/Logo-Thin.png
FNF:0
FNH:0
DA:1,1
LF:1
LH:1
BRF:0
BRH:0
end_of_record
TN:
SF:/Users/nuriaciscar/Downloads/skylab/collector/frontend/src/assets/home.png
FNF:0
FNH:0
DA:1,1
LF:1
LH:1
BRF:0
BRH:0
end_of_record
TN:
SF:/Users/nuriaciscar/Downloads/skylab/collector/frontend/src/assets/lupa.png
FNF:0
FNH:0
DA:1,1
LF:1
LH:1
BRF:0
BRH:0
end_of_record
TN:
SF:/Users/nuriaciscar/Downloads/skylab/collector/frontend/src/assets/popular2.png
FNF:0
FNH:0
DA:1,1
LF:1
LH:1
BRF:0
BRH:0
end_of_record
TN:
SF:/Users/nuriaciscar/Downloads/skylab/collector/frontend/src/components/Footer.vue
FN:18,(anonymous_0)
FNF:1
FNH:1
FNDA:1,(anonymous_0)
DA:14,1
DA:16,1
DA:18,1
LF:3
LH:3
BRF:0
BRH:0
end_of_record
TN:
SF:/Users/nuriaciscar/Downloads/skylab/collector/frontend/src/components/Header.vue
FNF:0
FNH:0
DA:18,1
DA:20,1
LF:2
LH:2
BRF:0
BRH:0
end_of_record
TN:
SF:/Users/nuriaciscar/Downloads/skylab/collector/frontend/src/components/Login.vue
FN:81,(anonymous_0)
FN:94,(anonymous_1)
FN:109,(anonymous_4)
FNF:3
FNH:1
FNDA:2,(anonymous_0)
FNDA:0,(anonymous_1)
FNDA:0,(anonymous_4)
DA:74,1
DA:75,1
DA:78,1
DA:82,2
DA:95,0
DA:96,0
DA:101,0
DA:102,0
DA:104,0
DA:110,0
LF:10
LH:4
BRDA:95,0,0,0
BRDA:95,0,1,0
BRDA:95,1,0,0
BRDA:95,1,1,0
BRF:4
BRH:0
end_of_record
